INFO:kivy:Logger: Record log in C:\Users\aubreyhodges\.kivy\logs\kivy_21-08-30_0.txt
INFO:kivy:deps: Successfully imported "kivy_deps.angle" 0.1.9
INFO:kivy:deps: Successfully imported "kivy_deps.glew" 0.1.12
INFO:kivy:deps: Successfully imported "kivy_deps.sdl2" 0.1.22
INFO:kivy:Kivy: v1.11.1
INFO:kivy:Kivy: Installed at "C:\Program Files (x86)\Python37-32\lib\site-packages\kivy\__init__.py"
INFO:kivy:Python: v3.7.4 (tags/v3.7.4:e09359112e, Jul  8 2019, 19:29:22) [MSC v.1916 32 bit (Intel)]
INFO:kivy:Python: Interpreter at "C:\Program Files (x86)\Python37-32\python.exe"
INFO:kivy:Factory: 184 symbols loaded
INFO:kivy:Image: Providers: img_tex, img_dds, img_sdl2, img_pil, img_gif (img_ffpyplayer ignored)
INFO:kivy:Window: Provider: sdl2
INFO:kivy:GL: Using the "OpenGL" graphics system
INFO:kivy:GL: GLEW initialization succeeded
INFO:kivy:GL: Backend used <glew>
INFO:kivy:GL: OpenGL version <b'4.6.0 - Build 27.20.100.8681'>
INFO:kivy:GL: OpenGL vendor <b'Intel'>
INFO:kivy:GL: OpenGL renderer <b'Intel(R) UHD Graphics 630'>
INFO:kivy:GL: OpenGL parsed version: 4, 6
INFO:kivy:GL: Shading version <b'4.60 - Build 27.20.100.8681'>
INFO:kivy:GL: Texture max size <16384>
INFO:kivy:GL: Texture max units <32>
INFO:kivy:Window: auto add sdl2 input provider
INFO:kivy:Window: virtual keyboard not allowed, single mode, not docked
INFO:kivy:Text: Provider: sdl2
INFO:kivy:GL: NPOT texture support is available
INFO:kivy:Base: Start application main loop
INFO:kivy:got here and printed
INFO:kivy:Loader: using a thread pool of 2 workers
INFO:kivy:The manager's "done with lessons" tag returned False
INFO:kivy:10
WARNING:kivy:<kivy.uix.gridlayout.GridLayout object at 0x016AA570> have no cols or rows set, layout is not triggered.
INFO:kivy:The manager's "done with lessons" tag returned False
INFO:kivy:10
WARNING:kivy:<kivy.uix.gridlayout.GridLayout object at 0x01453F48> have no cols or rows set, layout is not triggered.
INFO:kivy:The manager's "done with lessons" tag returned False
INFO:kivy:10
WARNING:kivy:<kivy.uix.gridlayout.GridLayout object at 0x016ACBC8> have no cols or rows set, layout is not triggered.
INFO:kivy:The manager's "done with lessons" tag returned False
INFO:kivy:10
WARNING:kivy:<kivy.uix.gridlayout.GridLayout object at 0x1180E3B0> have no cols or rows set, layout is not triggered.
INFO:kivy:The manager's "done with lessons" tag returned False
INFO:kivy:10
WARNING:kivy:<kivy.uix.gridlayout.GridLayout object at 0x0EBD3458> have no cols or rows set, layout is not triggered.
WARNING:kivy:<kivy.uix.gridlayout.GridLayout object at 0x0EBCC030> have no cols or rows set, layout is not triggered.
INFO:kivy:The manager's "done with lessons" tag returned False
INFO:kivy:10
WARNING:kivy:<kivy.uix.gridlayout.GridLayout object at 0x13DCC068> have no cols or rows set, layout is not triggered.
WARNING:kivy:<kivy.uix.gridlayout.GridLayout object at 0x13DD4AB0> have no cols or rows set, layout is not triggered.
WARNING:kivy:<GUI.ResultsScreenGUI.Chart object at 0x13E22650> have no cols or rows set, layout is not triggered.
WARNING:kivy:<kivy.uix.gridlayout.GridLayout object at 0x13E25068> have no cols or rows set, layout is not triggered.
INFO:kivy:The manager's "done with lessons" tag returned False
INFO:kivy:10
WARNING:kivy:<kivy.uix.gridlayout.GridLayout object at 0x00FF5110> have no cols or rows set, layout is not triggered.
WARNING:kivy:<kivy.uix.gridlayout.GridLayout object at 0x0101BB58> have no cols or rows set, layout is not triggered.
INFO:kivy:The manager's "done with lessons" tag returned False
INFO:kivy:10
WARNING:kivy:<kivy.uix.gridlayout.GridLayout object at 0x0EB39730> have no cols or rows set, layout is not triggered.
WARNING:kivy:<kivy.uix.gridlayout.GridLayout object at 0x0EB441B8> have no cols or rows set, layout is not triggered.
INFO:kivy:The manager's "done with lessons" tag returned False
INFO:kivy:10
WARNING:kivy:<kivy.uix.gridlayout.GridLayout object at 0x01574F80> have no cols or rows set, layout is not triggered.
WARNING:kivy:<kivy.uix.gridlayout.GridLayout object at 0x0EAFDA08> have no cols or rows set, layout is not triggered.
WARNING:kivy:<GUI.ResultsScreenGUI.Chart object at 0x0EB135A8> have no cols or rows set, layout is not triggered.
WARNING:kivy:<kivy.uix.gridlayout.GridLayout object at 0x0EB13F80> have no cols or rows set, layout is not triggered.
INFO:kivy:determine redo is true in Results window
INFO:kivy:The Exit Function got called
INFO:kivy:The manager's "done with lessons" tag returned True
INFO:kivy:10
WARNING:kivy:<kivy.uix.gridlayout.GridLayout object at 0x01063960> have no cols or rows set, layout is not triggered.
WARNING:kivy:<kivy.uix.gridlayout.GridLayout object at 0x010483E8> have no cols or rows set, layout is not triggered.
WARNING:kivy:<GUI.ResultsScreenGUI.Chart object at 0x119C9618> have no cols or rows set, layout is not triggered.
WARNING:kivy:<kivy.uix.gridlayout.GridLayout object at 0x119CE030> have no cols or rows set, layout is not triggered.
INFO:kivy:determine redo is true in Results window
INFO:kivy:The Exit Function got called
INFO:kivy:The manager's "done with lessons" tag returned True
INFO:kivy:10
WARNING:kivy:<kivy.uix.gridlayout.GridLayout object at 0x014652D0> have no cols or rows set, layout is not triggered.
WARNING:kivy:<kivy.uix.gridlayout.GridLayout object at 0x01455F10> have no cols or rows set, layout is not triggered.
WARNING:kivy:<GUI.ResultsScreenGUI.Chart object at 0x014678B8> have no cols or rows set, layout is not triggered.
WARNING:kivy:<kivy.uix.gridlayout.GridLayout object at 0x13DE42D0> have no cols or rows set, layout is not triggered.
INFO:kivy:determine redo is true in Results window
INFO:kivy:The manager's "done with lessons" tag returned True
INFO:kivy:10
WARNING:kivy:<kivy.uix.gridlayout.GridLayout object at 0x11733618> have no cols or rows set, layout is not triggered.
WARNING:kivy:<kivy.uix.gridlayout.GridLayout object at 0x1173FC70> have no cols or rows set, layout is not triggered.
WARNING:kivy:<GUI.ResultsScreenGUI.Chart object at 0x11A8BC00> have no cols or rows set, layout is not triggered.
WARNING:kivy:<kivy.uix.gridlayout.GridLayout object at 0x11A92618> have no cols or rows set, layout is not triggered.
INFO:kivy:determine redo is true in Results window
INFO:kivy:The manager's "done with lessons" tag returned True
INFO:kivy:10
WARNING:kivy:<kivy.uix.gridlayout.GridLayout object at 0x1416FDC0> have no cols or rows set, layout is not triggered.
WARNING:kivy:<kivy.uix.gridlayout.GridLayout object at 0x14176848> have no cols or rows set, layout is not triggered.
WARNING:kivy:<GUI.ResultsScreenGUI.Chart object at 0x141D03E8> have no cols or rows set, layout is not triggered.
WARNING:kivy:<kivy.uix.gridlayout.GridLayout object at 0x141D0DC0> have no cols or rows set, layout is not triggered.
WARNING:kivy:<kivy.uix.gridlayout.GridLayout object at 0x141D87A0> have no cols or rows set, layout is not triggered.
INFO:kivy:determine redo is true in Results window
INFO:kivy:The manager's "done with lessons" tag returned True
INFO:kivy:10
WARNING:kivy:<kivy.uix.gridlayout.GridLayout object at 0x13FD7ED8> have no cols or rows set, layout is not triggered.
WARNING:kivy:<kivy.uix.gridlayout.GridLayout object at 0x0EB54960> have no cols or rows set, layout is not triggered.
INFO:kivy:determine redo is true in Results window
INFO:kivy:The Exit Function got called
INFO:kivy:The manager's "done with lessons" tag returned True
INFO:kivy:10
WARNING:kivy:<kivy.uix.gridlayout.GridLayout object at 0x1177CA08> have no cols or rows set, layout is not triggered.
WARNING:kivy:<kivy.uix.gridlayout.GridLayout object at 0x1179A490> have no cols or rows set, layout is not triggered.
INFO:kivy:The Exit Function got called
ERROR:kivy:Base: No event listeners have been created
ERROR:kivy:Base: Application will leave
INFO:kivy:WindowSDL: exiting mainloop and closing.
