INFO:kivy:Logger: Record log in C:\Users\courtneyhodges\.kivy\logs\kivy_21-09-01_0.txt
INFO:kivy:deps: Successfully imported "kivy_deps.angle" 0.1.9
INFO:kivy:deps: Successfully imported "kivy_deps.glew" 0.1.12
INFO:kivy:deps: Successfully imported "kivy_deps.sdl2" 0.1.22
INFO:kivy:Kivy: v1.11.1
INFO:kivy:Kivy: Installed at "C:\Program Files (x86)\Python37-32\lib\site-packages\kivy\__init__.py"
INFO:kivy:Python: v3.7.4 (tags/v3.7.4:e09359112e, Jul  8 2019, 19:29:22) [MSC v.1916 32 bit (Intel)]
INFO:kivy:Python: Interpreter at "C:\Program Files (x86)\Python37-32\python.exe"
INFO:kivy:Factory: 184 symbols loaded
INFO:kivy:Image: Providers: img_tex, img_dds, img_sdl2, img_pil, img_gif (img_ffpyplayer ignored)
INFO:kivy:Window: Provider: sdl2
INFO:kivy:GL: Using the "OpenGL" graphics system
INFO:kivy:GL: GLEW initialization succeeded
INFO:kivy:GL: Backend used <glew>
INFO:kivy:GL: OpenGL version <b'4.6.0 - Build 27.20.100.8681'>
INFO:kivy:GL: OpenGL vendor <b'Intel'>
INFO:kivy:GL: OpenGL renderer <b'Intel(R) UHD Graphics 630'>
INFO:kivy:GL: OpenGL parsed version: 4, 6
INFO:kivy:GL: Shading version <b'4.60 - Build 27.20.100.8681'>
INFO:kivy:GL: Texture max size <16384>
INFO:kivy:GL: Texture max units <32>
INFO:kivy:Window: auto add sdl2 input provider
INFO:kivy:Window: virtual keyboard not allowed, single mode, not docked
INFO:kivy:Text: Provider: sdl2
INFO:kivy:GL: NPOT texture support is available
INFO:kivy:Base: Start application main loop
INFO:kivy:got here and printed
INFO:kivy:Loader: using a thread pool of 2 workers
INFO:kivy:The manager's "done with lessons" tag returned False
INFO:kivy:10
WARNING:kivy:<kivy.uix.gridlayout.GridLayout object at 0x01A64EA0> have no cols or rows set, layout is not triggered.
INFO:kivy:The manager's "done with lessons" tag returned False
INFO:kivy:10
WARNING:kivy:<kivy.uix.gridlayout.GridLayout object at 0x045DD458> have no cols or rows set, layout is not triggered.
INFO:kivy:The manager's "done with lessons" tag returned False
INFO:kivy:10
WARNING:kivy:<kivy.uix.gridlayout.GridLayout object at 0x01A71768> have no cols or rows set, layout is not triggered.
WARNING:kivy:<kivy.uix.gridlayout.GridLayout object at 0x10B021F0> have no cols or rows set, layout is not triggered.
INFO:kivy:The manager's "done with lessons" tag returned False
INFO:kivy:10
WARNING:kivy:<kivy.uix.gridlayout.GridLayout object at 0x11BE1110> have no cols or rows set, layout is not triggered.
INFO:kivy:The manager's "done with lessons" tag returned False
INFO:kivy:10
WARNING:kivy:<kivy.uix.gridlayout.GridLayout object at 0x018F9880> have no cols or rows set, layout is not triggered.
WARNING:kivy:<kivy.uix.gridlayout.GridLayout object at 0x018F3308> have no cols or rows set, layout is not triggered.
INFO:kivy:The manager's "done with lessons" tag returned False
INFO:kivy:10
WARNING:kivy:<kivy.uix.gridlayout.GridLayout object at 0x1206D298> have no cols or rows set, layout is not triggered.
WARNING:kivy:<kivy.uix.gridlayout.GridLayout object at 0x12074CE0> have no cols or rows set, layout is not triggered.
INFO:kivy:The manager's "done with lessons" tag returned False
INFO:kivy:10
WARNING:kivy:<kivy.uix.gridlayout.GridLayout object at 0x10AF2D50> have no cols or rows set, layout is not triggered.
WARNING:kivy:<kivy.uix.gridlayout.GridLayout object at 0x10AFF7D8> have no cols or rows set, layout is not triggered.
INFO:kivy:The manager's "done with lessons" tag returned False
INFO:kivy:10
WARNING:kivy:<kivy.uix.gridlayout.GridLayout object at 0x01A86C38> have no cols or rows set, layout is not triggered.
WARNING:kivy:<kivy.uix.gridlayout.GridLayout object at 0x1007C6C0> have no cols or rows set, layout is not triggered.
INFO:kivy:determine redo is true in Results window
INFO:kivy:The manager's "done with lessons" tag returned True
INFO:kivy:10
WARNING:kivy:<kivy.uix.gridlayout.GridLayout object at 0x01A878F0> have no cols or rows set, layout is not triggered.
WARNING:kivy:<kivy.uix.gridlayout.GridLayout object at 0x01A8C378> have no cols or rows set, layout is not triggered.
WARNING:kivy:<GUI.ResultsScreenGUI.Chart object at 0x10AE2730> have no cols or rows set, layout is not triggered.
INFO:kivy:determine redo is true in Results window
INFO:kivy:The manager's "done with lessons" tag returned True
INFO:kivy:10
WARNING:kivy:<kivy.uix.gridlayout.GridLayout object at 0x11E52F80> have no cols or rows set, layout is not triggered.
WARNING:kivy:<kivy.uix.gridlayout.GridLayout object at 0x11DF1A08> have no cols or rows set, layout is not triggered.
WARNING:kivy:<GUI.ResultsScreenGUI.Chart object at 0x11E0F5A8> have no cols or rows set, layout is not triggered.
WARNING:kivy:<kivy.uix.gridlayout.GridLayout object at 0x11E0FF80> have no cols or rows set, layout is not triggered.
WARNING:kivy:<kivy.uix.gridlayout.GridLayout object at 0x11E14960> have no cols or rows set, layout is not triggered.
INFO:kivy:determine redo is true in Results window
INFO:kivy:The manager's "done with lessons" tag returned True
INFO:kivy:10
WARNING:kivy:<kivy.uix.gridlayout.GridLayout object at 0x04767E68> have no cols or rows set, layout is not triggered.
WARNING:kivy:<kivy.uix.gridlayout.GridLayout object at 0x0476A1B8> have no cols or rows set, layout is not triggered.
WARNING:kivy:<GUI.ResultsScreenGUI.Chart object at 0x01805490> have no cols or rows set, layout is not triggered.
WARNING:kivy:<kivy.uix.gridlayout.GridLayout object at 0x01805E68> have no cols or rows set, layout is not triggered.
INFO:kivy:determine redo is true in Results window
INFO:kivy:The manager's "done with lessons" tag returned True
INFO:kivy:10
WARNING:kivy:<kivy.uix.gridlayout.GridLayout object at 0x1444A260> have no cols or rows set, layout is not triggered.
WARNING:kivy:<kivy.uix.gridlayout.GridLayout object at 0x14435CA8> have no cols or rows set, layout is not triggered.
WARNING:kivy:<GUI.ResultsScreenGUI.Chart object at 0x1443B848> have no cols or rows set, layout is not triggered.
WARNING:kivy:<kivy.uix.gridlayout.GridLayout object at 0x14469260> have no cols or rows set, layout is not triggered.
WARNING:kivy:<kivy.uix.gridlayout.GridLayout object at 0x14469C00> have no cols or rows set, layout is not triggered.
WARNING:kivy:<kivy.uix.gridlayout.GridLayout object at 0x01694650> have no cols or rows set, layout is not triggered.
INFO:kivy:determine redo is true in Results window
INFO:kivy:The manager's "done with lessons" tag returned True
INFO:kivy:10
WARNING:kivy:<kivy.uix.gridlayout.GridLayout object at 0x0DD90F48> have no cols or rows set, layout is not triggered.
WARNING:kivy:<kivy.uix.gridlayout.GridLayout object at 0x0DDA92D0> have no cols or rows set, layout is not triggered.
WARNING:kivy:<GUI.ResultsScreenGUI.Chart object at 0x018A4570> have no cols or rows set, layout is not triggered.
WARNING:kivy:<kivy.uix.gridlayout.GridLayout object at 0x018A4F48> have no cols or rows set, layout is not triggered.
INFO:kivy:determine redo is true in Results window
INFO:kivy:The manager's "done with lessons" tag returned True
INFO:kivy:10
WARNING:kivy:<kivy.uix.gridlayout.GridLayout object at 0x11D39F10> have no cols or rows set, layout is not triggered.
WARNING:kivy:<kivy.uix.gridlayout.GridLayout object at 0x11D596C0> have no cols or rows set, layout is not triggered.
INFO:kivy:determine redo is true in Results window
INFO:kivy:The manager's "done with lessons" tag returned True
INFO:kivy:10
WARNING:kivy:<kivy.uix.gridlayout.GridLayout object at 0x0475D538> have no cols or rows set, layout is not triggered.
WARNING:kivy:<kivy.uix.gridlayout.GridLayout object at 0x01495F80> have no cols or rows set, layout is not triggered.
WARNING:kivy:<GUI.ResultsScreenGUI.Chart object at 0x14415B20> have no cols or rows set, layout is not triggered.
INFO:kivy:determine redo is true in Results window
INFO:kivy:The manager's "done with lessons" tag returned True
INFO:kivy:10
WARNING:kivy:<kivy.uix.gridlayout.GridLayout object at 0x01663458> have no cols or rows set, layout is not triggered.
WARNING:kivy:<kivy.uix.gridlayout.GridLayout object at 0x01679EA0> have no cols or rows set, layout is not triggered.
INFO:kivy:determine redo is true in Results window
INFO:kivy:The manager's "done with lessons" tag returned True
INFO:kivy:10
WARNING:kivy:<kivy.uix.gridlayout.GridLayout object at 0x017B6F80> have no cols or rows set, layout is not triggered.
WARNING:kivy:<kivy.uix.gridlayout.GridLayout object at 0x046ACCA8> have no cols or rows set, layout is not triggered.
WARNING:kivy:<GUI.ResultsScreenGUI.Chart object at 0x016C8848> have no cols or rows set, layout is not triggered.
WARNING:kivy:<kivy.uix.gridlayout.GridLayout object at 0x01405260> have no cols or rows set, layout is not triggered.
INFO:kivy:The Exit Function got called
ERROR:kivy:Base: No event listeners have been created
ERROR:kivy:Base: Application will leave
INFO:kivy:WindowSDL: exiting mainloop and closing.
