INFO:kivy:Logger: Record log in C:\Users\ellaroberts\.kivy\logs\kivy_21-08-24_0.txt
INFO:kivy:deps: Successfully imported "kivy_deps.angle" 0.1.9
INFO:kivy:deps: Successfully imported "kivy_deps.glew" 0.1.12
INFO:kivy:deps: Successfully imported "kivy_deps.sdl2" 0.1.22
INFO:kivy:Kivy: v1.11.1
INFO:kivy:Kivy: Installed at "C:\Program Files (x86)\Python37-32\lib\site-packages\kivy\__init__.py"
INFO:kivy:Python: v3.7.4 (tags/v3.7.4:e09359112e, Jul  8 2019, 19:29:22) [MSC v.1916 32 bit (Intel)]
INFO:kivy:Python: Interpreter at "C:\Program Files (x86)\Python37-32\python.exe"
INFO:kivy:Factory: 184 symbols loaded
INFO:kivy:Image: Providers: img_tex, img_dds, img_sdl2, img_pil, img_gif (img_ffpyplayer ignored)
INFO:kivy:Window: Provider: sdl2
INFO:kivy:GL: Using the "OpenGL" graphics system
INFO:kivy:GL: GLEW initialization succeeded
INFO:kivy:GL: Backend used <glew>
INFO:kivy:GL: OpenGL version <b'4.6.0 - Build 27.20.100.8681'>
INFO:kivy:GL: OpenGL vendor <b'Intel'>
INFO:kivy:GL: OpenGL renderer <b'Intel(R) UHD Graphics 630'>
INFO:kivy:GL: OpenGL parsed version: 4, 6
INFO:kivy:GL: Shading version <b'4.60 - Build 27.20.100.8681'>
INFO:kivy:GL: Texture max size <16384>
INFO:kivy:GL: Texture max units <32>
INFO:kivy:Window: auto add sdl2 input provider
INFO:kivy:Window: virtual keyboard not allowed, single mode, not docked
INFO:kivy:Text: Provider: sdl2
INFO:kivy:GL: NPOT texture support is available
INFO:kivy:Base: Start application main loop
INFO:kivy:got here and printed
INFO:kivy:Loader: using a thread pool of 2 workers
INFO:kivy:The manager's "done with lessons" tag returned False
INFO:kivy:10
WARNING:kivy:<kivy.uix.gridlayout.GridLayout object at 0x014F68F0> have no cols or rows set, layout is not triggered.
INFO:kivy:The manager's "done with lessons" tag returned False
INFO:kivy:10
WARNING:kivy:<kivy.uix.gridlayout.GridLayout object at 0x11AB9B20> have no cols or rows set, layout is not triggered.
INFO:kivy:The manager's "done with lessons" tag returned False
INFO:kivy:10
WARNING:kivy:<kivy.uix.gridlayout.GridLayout object at 0x014E0D18> have no cols or rows set, layout is not triggered.
INFO:kivy:The manager's "done with lessons" tag returned False
INFO:kivy:10
WARNING:kivy:<kivy.uix.gridlayout.GridLayout object at 0x118F32D0> have no cols or rows set, layout is not triggered.
INFO:kivy:The manager's "done with lessons" tag returned False
INFO:kivy:10
WARNING:kivy:<kivy.uix.gridlayout.GridLayout object at 0x115DDAB0> have no cols or rows set, layout is not triggered.
INFO:kivy:The manager's "done with lessons" tag returned False
INFO:kivy:10
WARNING:kivy:<kivy.uix.gridlayout.GridLayout object at 0x13F9E9D0> have no cols or rows set, layout is not triggered.
WARNING:kivy:<kivy.uix.gridlayout.GridLayout object at 0x13FB3458> have no cols or rows set, layout is not triggered.
INFO:kivy:The manager's "done with lessons" tag returned False
INFO:kivy:10
WARNING:kivy:<kivy.uix.gridlayout.GridLayout object at 0x0110D1B8> have no cols or rows set, layout is not triggered.
WARNING:kivy:<kivy.uix.gridlayout.GridLayout object at 0x01111C00> have no cols or rows set, layout is not triggered.
INFO:kivy:The manager's "done with lessons" tag returned False
INFO:kivy:10
WARNING:kivy:<kivy.uix.gridlayout.GridLayout object at 0x0FD9B538> have no cols or rows set, layout is not triggered.
WARNING:kivy:<kivy.uix.gridlayout.GridLayout object at 0x0FD91F80> have no cols or rows set, layout is not triggered.
INFO:kivy:The manager's "done with lessons" tag returned False
INFO:kivy:10
WARNING:kivy:<kivy.uix.gridlayout.GridLayout object at 0x012FBC38> have no cols or rows set, layout is not triggered.
WARNING:kivy:<kivy.uix.gridlayout.GridLayout object at 0x041C86C0> have no cols or rows set, layout is not triggered.
WARNING:kivy:<GUI.ResultsScreenGUI.Chart object at 0x041B5260> have no cols or rows set, layout is not triggered.
WARNING:kivy:<kivy.uix.gridlayout.GridLayout object at 0x041B5C38> have no cols or rows set, layout is not triggered.
WARNING:kivy:<kivy.uix.gridlayout.GridLayout object at 0x041AF618> have no cols or rows set, layout is not triggered.
INFO:kivy:determine redo is true in Results window
INFO:kivy:The manager's "done with lessons" tag returned True
INFO:kivy:10
WARNING:kivy:<kivy.uix.gridlayout.GridLayout object at 0x11661490> have no cols or rows set, layout is not triggered.
WARNING:kivy:<kivy.uix.gridlayout.GridLayout object at 0x11665ED8> have no cols or rows set, layout is not triggered.
WARNING:kivy:<GUI.ResultsScreenGUI.Chart object at 0x115C7A78> have no cols or rows set, layout is not triggered.
WARNING:kivy:<kivy.uix.gridlayout.GridLayout object at 0x115B1490> have no cols or rows set, layout is not triggered.
WARNING:kivy:<kivy.uix.gridlayout.GridLayout object at 0x115B1E30> have no cols or rows set, layout is not triggered.
WARNING:kivy:<kivy.uix.gridlayout.GridLayout object at 0x115C4880> have no cols or rows set, layout is not triggered.
INFO:kivy:determine redo is true in Results window
INFO:kivy:The manager's "done with lessons" tag returned True
INFO:kivy:10
WARNING:kivy:<kivy.uix.gridlayout.GridLayout object at 0x11B79D88> have no cols or rows set, layout is not triggered.
WARNING:kivy:<kivy.uix.gridlayout.GridLayout object at 0x11BA3810> have no cols or rows set, layout is not triggered.
WARNING:kivy:<GUI.ResultsScreenGUI.Chart object at 0x11BBF3B0> have no cols or rows set, layout is not triggered.
WARNING:kivy:<kivy.uix.gridlayout.GridLayout object at 0x11BBFD88> have no cols or rows set, layout is not triggered.
INFO:kivy:determine redo is true in Results window
INFO:kivy:The manager's "done with lessons" tag returned True
INFO:kivy:10
WARNING:kivy:<kivy.uix.gridlayout.GridLayout object at 0x009E4768> have no cols or rows set, layout is not triggered.
WARNING:kivy:<kivy.uix.gridlayout.GridLayout object at 0x0D89A1F0> have no cols or rows set, layout is not triggered.
WARNING:kivy:<GUI.ResultsScreenGUI.Chart object at 0x0D88AD50> have no cols or rows set, layout is not triggered.
WARNING:kivy:<kivy.uix.gridlayout.GridLayout object at 0x0D876768> have no cols or rows set, layout is not triggered.
WARNING:kivy:<kivy.uix.gridlayout.GridLayout object at 0x0D8A3148> have no cols or rows set, layout is not triggered.
WARNING:kivy:<kivy.uix.gridlayout.GridLayout object at 0x0D895B58> have no cols or rows set, layout is not triggered.
INFO:kivy:determine redo is true in Results window
INFO:kivy:The manager's "done with lessons" tag returned True
INFO:kivy:10
WARNING:kivy:<kivy.uix.gridlayout.GridLayout object at 0x0D937A78> have no cols or rows set, layout is not triggered.
WARNING:kivy:<kivy.uix.gridlayout.GridLayout object at 0x11895618> have no cols or rows set, layout is not triggered.
WARNING:kivy:<GUI.ResultsScreenGUI.Chart object at 0x118A71B8> have no cols or rows set, layout is not triggered.
WARNING:kivy:<kivy.uix.gridlayout.GridLayout object at 0x118A7B90> have no cols or rows set, layout is not triggered.
WARNING:kivy:<kivy.uix.gridlayout.GridLayout object at 0x13FBE570> have no cols or rows set, layout is not triggered.
WARNING:kivy:<kivy.uix.gridlayout.GridLayout object at 0x13F9EF80> have no cols or rows set, layout is not triggered.
INFO:kivy:determine redo is true in Results window
INFO:kivy:The manager's "done with lessons" tag returned True
INFO:kivy:10
WARNING:kivy:<kivy.uix.gridlayout.GridLayout object at 0x116F3DF8> have no cols or rows set, layout is not triggered.
WARNING:kivy:<kivy.uix.gridlayout.GridLayout object at 0x117B25E0> have no cols or rows set, layout is not triggered.
WARNING:kivy:<GUI.ResultsScreenGUI.Chart object at 0x117AB180> have no cols or rows set, layout is not triggered.
WARNING:kivy:<kivy.uix.gridlayout.GridLayout object at 0x117ABB58> have no cols or rows set, layout is not triggered.
INFO:kivy:The Exit Function got called
ERROR:kivy:Base: No event listeners have been created
ERROR:kivy:Base: Application will leave
INFO:kivy:WindowSDL: exiting mainloop and closing.
