INFO:kivy:Logger: Record log in C:\Users\courtneyhodges\.kivy\logs\kivy_21-08-24_0.txt
INFO:kivy:deps: Successfully imported "kivy_deps.angle" 0.1.9
INFO:kivy:deps: Successfully imported "kivy_deps.glew" 0.1.12
INFO:kivy:deps: Successfully imported "kivy_deps.sdl2" 0.1.22
INFO:kivy:Kivy: v1.11.1
INFO:kivy:Kivy: Installed at "C:\Program Files (x86)\Python37-32\lib\site-packages\kivy\__init__.py"
INFO:kivy:Python: v3.7.4 (tags/v3.7.4:e09359112e, Jul  8 2019, 19:29:22) [MSC v.1916 32 bit (Intel)]
INFO:kivy:Python: Interpreter at "C:\Program Files (x86)\Python37-32\python.exe"
INFO:kivy:Factory: 184 symbols loaded
INFO:kivy:Image: Providers: img_tex, img_dds, img_sdl2, img_pil, img_gif (img_ffpyplayer ignored)
INFO:kivy:Window: Provider: sdl2
INFO:kivy:GL: Using the "OpenGL" graphics system
INFO:kivy:GL: GLEW initialization succeeded
INFO:kivy:GL: Backend used <glew>
INFO:kivy:GL: OpenGL version <b'4.6.0 - Build 27.20.100.8681'>
INFO:kivy:GL: OpenGL vendor <b'Intel'>
INFO:kivy:GL: OpenGL renderer <b'Intel(R) UHD Graphics 630'>
INFO:kivy:GL: OpenGL parsed version: 4, 6
INFO:kivy:GL: Shading version <b'4.60 - Build 27.20.100.8681'>
INFO:kivy:GL: Texture max size <16384>
INFO:kivy:GL: Texture max units <32>
INFO:kivy:Window: auto add sdl2 input provider
INFO:kivy:Window: virtual keyboard not allowed, single mode, not docked
INFO:kivy:Text: Provider: sdl2
INFO:kivy:GL: NPOT texture support is available
INFO:kivy:Base: Start application main loop
INFO:kivy:got here and printed
INFO:kivy:Loader: using a thread pool of 2 workers
INFO:kivy:The manager's "done with lessons" tag returned False
INFO:kivy:10
WARNING:kivy:<kivy.uix.gridlayout.GridLayout object at 0x01A9C7A0> have no cols or rows set, layout is not triggered.
INFO:kivy:The manager's "done with lessons" tag returned False
INFO:kivy:10
WARNING:kivy:<kivy.uix.gridlayout.GridLayout object at 0x12098C38> have no cols or rows set, layout is not triggered.
INFO:kivy:The manager's "done with lessons" tag returned False
INFO:kivy:10
INFO:kivy:The manager's "done with lessons" tag returned False
INFO:kivy:10
WARNING:kivy:<kivy.uix.gridlayout.GridLayout object at 0x11CB4378> have no cols or rows set, layout is not triggered.
INFO:kivy:The manager's "done with lessons" tag returned False
INFO:kivy:10
WARNING:kivy:<kivy.uix.gridlayout.GridLayout object at 0x0DE13260> have no cols or rows set, layout is not triggered.
WARNING:kivy:<kivy.uix.gridlayout.GridLayout object at 0x0DE14378> have no cols or rows set, layout is not triggered.
INFO:kivy:The manager's "done with lessons" tag returned False
INFO:kivy:10
WARNING:kivy:<kivy.uix.gridlayout.GridLayout object at 0x1216E848> have no cols or rows set, layout is not triggered.
WARNING:kivy:<kivy.uix.gridlayout.GridLayout object at 0x121772D0> have no cols or rows set, layout is not triggered.
WARNING:kivy:<GUI.ResultsScreenGUI.Chart object at 0x12112E30> have no cols or rows set, layout is not triggered.
INFO:kivy:The manager's "done with lessons" tag returned False
INFO:kivy:10
WARNING:kivy:<kivy.uix.gridlayout.GridLayout object at 0x0169A260> have no cols or rows set, layout is not triggered.
WARNING:kivy:<kivy.uix.gridlayout.GridLayout object at 0x016A4298> have no cols or rows set, layout is not triggered.
INFO:kivy:The manager's "done with lessons" tag returned False
INFO:kivy:10
WARNING:kivy:<kivy.uix.gridlayout.GridLayout object at 0x10380458> have no cols or rows set, layout is not triggered.
WARNING:kivy:<kivy.uix.gridlayout.GridLayout object at 0x10389EA0> have no cols or rows set, layout is not triggered.
INFO:kivy:The manager's "done with lessons" tag returned False
INFO:kivy:10
WARNING:kivy:<kivy.uix.gridlayout.GridLayout object at 0x046E2C70> have no cols or rows set, layout is not triggered.
WARNING:kivy:<kivy.uix.gridlayout.GridLayout object at 0x019D26F8> have no cols or rows set, layout is not triggered.
WARNING:kivy:<GUI.ResultsScreenGUI.Chart object at 0x019E1298> have no cols or rows set, layout is not triggered.
WARNING:kivy:<kivy.uix.gridlayout.GridLayout object at 0x019E1C70> have no cols or rows set, layout is not triggered.
WARNING:kivy:<kivy.uix.gridlayout.GridLayout object at 0x019E9650> have no cols or rows set, layout is not triggered.
INFO:kivy:determine redo is true in Results window
INFO:kivy:The manager's "done with lessons" tag returned True
INFO:kivy:10
WARNING:kivy:<kivy.uix.gridlayout.GridLayout object at 0x11DDADF8> have no cols or rows set, layout is not triggered.
WARNING:kivy:<kivy.uix.gridlayout.GridLayout object at 0x0DD92880> have no cols or rows set, layout is not triggered.
WARNING:kivy:<GUI.ResultsScreenGUI.Chart object at 0x11F11420> have no cols or rows set, layout is not triggered.
WARNING:kivy:<kivy.uix.gridlayout.GridLayout object at 0x11F11DF8> have no cols or rows set, layout is not triggered.
INFO:kivy:determine redo is true in Results window
INFO:kivy:The manager's "done with lessons" tag returned True
INFO:kivy:10
WARNING:kivy:<kivy.uix.gridlayout.GridLayout object at 0x14557490> have no cols or rows set, layout is not triggered.
WARNING:kivy:<kivy.uix.gridlayout.GridLayout object at 0x14562ED8> have no cols or rows set, layout is not triggered.
WARNING:kivy:<GUI.ResultsScreenGUI.Chart object at 0x0199EA78> have no cols or rows set, layout is not triggered.
WARNING:kivy:<kivy.uix.gridlayout.GridLayout object at 0x019A4490> have no cols or rows set, layout is not triggered.
WARNING:kivy:<kivy.uix.gridlayout.GridLayout object at 0x019A4E30> have no cols or rows set, layout is not triggered.
WARNING:kivy:<kivy.uix.gridlayout.GridLayout object at 0x019B0880> have no cols or rows set, layout is not triggered.
WARNING:kivy:<kivy.uix.gridlayout.GridLayout object at 0x019C43B0> have no cols or rows set, layout is not triggered.
INFO:kivy:determine redo is true in Results window
INFO:kivy:The manager's "done with lessons" tag returned True
INFO:kivy:10
WARNING:kivy:<kivy.uix.gridlayout.GridLayout object at 0x016E31F0> have no cols or rows set, layout is not triggered.
WARNING:kivy:<kivy.uix.gridlayout.GridLayout object at 0x016C7490> have no cols or rows set, layout is not triggered.
WARNING:kivy:<GUI.ResultsScreenGUI.Chart object at 0x016E2880> have no cols or rows set, layout is not triggered.
WARNING:kivy:<kivy.uix.gridlayout.GridLayout object at 0x11E6C1F0> have no cols or rows set, layout is not triggered.
WARNING:kivy:<kivy.uix.gridlayout.GridLayout object at 0x11E6CB90> have no cols or rows set, layout is not triggered.
WARNING:kivy:<kivy.uix.gridlayout.GridLayout object at 0x11E5D5E0> have no cols or rows set, layout is not triggered.
INFO:kivy:determine redo is true in Results window
INFO:kivy:The manager's "done with lessons" tag returned True
INFO:kivy:10
WARNING:kivy:<kivy.uix.gridlayout.GridLayout object at 0x1218D2D0> have no cols or rows set, layout is not triggered.
WARNING:kivy:<kivy.uix.gridlayout.GridLayout object at 0x1215FD18> have no cols or rows set, layout is not triggered.
WARNING:kivy:<GUI.ResultsScreenGUI.Chart object at 0x121728B8> have no cols or rows set, layout is not triggered.
WARNING:kivy:<kivy.uix.gridlayout.GridLayout object at 0x0DE172D0> have no cols or rows set, layout is not triggered.
WARNING:kivy:<kivy.uix.gridlayout.GridLayout object at 0x0DE17C70> have no cols or rows set, layout is not triggered.
INFO:kivy:determine redo is true in Results window
INFO:kivy:The manager's "done with lessons" tag returned True
INFO:kivy:10
WARNING:kivy:<kivy.uix.gridlayout.GridLayout object at 0x01617688> have no cols or rows set, layout is not triggered.
WARNING:kivy:<kivy.uix.gridlayout.GridLayout object at 0x016332D0> have no cols or rows set, layout is not triggered.
WARNING:kivy:<GUI.ResultsScreenGUI.Chart object at 0x01662C70> have no cols or rows set, layout is not triggered.
WARNING:kivy:<kivy.uix.gridlayout.GridLayout object at 0x0164B688> have no cols or rows set, layout is not triggered.
WARNING:kivy:<kivy.uix.gridlayout.GridLayout object at 0x01669068> have no cols or rows set, layout is not triggered.
INFO:kivy:determine redo is true in Results window
INFO:kivy:The manager's "done with lessons" tag returned True
INFO:kivy:10
WARNING:kivy:<kivy.uix.gridlayout.GridLayout object at 0x047AC618> have no cols or rows set, layout is not triggered.
WARNING:kivy:<kivy.uix.gridlayout.GridLayout object at 0x047B2E68> have no cols or rows set, layout is not triggered.
WARNING:kivy:<GUI.ResultsScreenGUI.Chart object at 0x0DD2DC00> have no cols or rows set, layout is not triggered.
INFO:kivy:determine redo is true in Results window
INFO:kivy:The manager's "done with lessons" tag returned True
INFO:kivy:10
WARNING:kivy:<kivy.uix.gridlayout.GridLayout object at 0x11BC4228> have no cols or rows set, layout is not triggered.
WARNING:kivy:<kivy.uix.gridlayout.GridLayout object at 0x11BD5C70> have no cols or rows set, layout is not triggered.
WARNING:kivy:<GUI.ResultsScreenGUI.Chart object at 0x11DC0810> have no cols or rows set, layout is not triggered.
WARNING:kivy:<kivy.uix.gridlayout.GridLayout object at 0x11DC5228> have no cols or rows set, layout is not triggered.
INFO:kivy:determine redo is true in Results window
INFO:kivy:The manager's "done with lessons" tag returned True
INFO:kivy:10
WARNING:kivy:<kivy.uix.gridlayout.GridLayout object at 0x120ABA40> have no cols or rows set, layout is not triggered.
WARNING:kivy:<kivy.uix.gridlayout.GridLayout object at 0x00FBC4C8> have no cols or rows set, layout is not triggered.
WARNING:kivy:<GUI.ResultsScreenGUI.Chart object at 0x00FBA068> have no cols or rows set, layout is not triggered.
WARNING:kivy:<kivy.uix.gridlayout.GridLayout object at 0x00FBAA40> have no cols or rows set, layout is not triggered.
INFO:kivy:The Exit Function got called
ERROR:kivy:Base: No event listeners have been created
ERROR:kivy:Base: Application will leave
INFO:kivy:WindowSDL: exiting mainloop and closing.
