INFO:kivy:Logger: Record log in C:\Users\samtritz\.kivy\logs\kivy_21-09-03_0.txt
INFO:kivy:deps: Successfully imported "kivy_deps.angle" 0.1.9
INFO:kivy:deps: Successfully imported "kivy_deps.glew" 0.1.12
INFO:kivy:deps: Successfully imported "kivy_deps.sdl2" 0.1.22
INFO:kivy:Kivy: v1.11.1
INFO:kivy:Kivy: Installed at "C:\Program Files (x86)\Python37-32\lib\site-packages\kivy\__init__.py"
INFO:kivy:Python: v3.7.4 (tags/v3.7.4:e09359112e, Jul  8 2019, 19:29:22) [MSC v.1916 32 bit (Intel)]
INFO:kivy:Python: Interpreter at "C:\Program Files (x86)\Python37-32\python.exe"
INFO:kivy:Factory: 184 symbols loaded
INFO:kivy:Image: Providers: img_tex, img_dds, img_sdl2, img_pil, img_gif (img_ffpyplayer ignored)
INFO:kivy:Window: Provider: sdl2
INFO:kivy:GL: Using the "OpenGL" graphics system
INFO:kivy:GL: GLEW initialization succeeded
INFO:kivy:GL: Backend used <glew>
INFO:kivy:GL: OpenGL version <b'4.6.0 - Build 27.20.100.8681'>
INFO:kivy:GL: OpenGL vendor <b'Intel'>
INFO:kivy:GL: OpenGL renderer <b'Intel(R) UHD Graphics 630'>
INFO:kivy:GL: OpenGL parsed version: 4, 6
INFO:kivy:GL: Shading version <b'4.60 - Build 27.20.100.8681'>
INFO:kivy:GL: Texture max size <16384>
INFO:kivy:GL: Texture max units <32>
INFO:kivy:Window: auto add sdl2 input provider
INFO:kivy:Window: virtual keyboard not allowed, single mode, not docked
INFO:kivy:Text: Provider: sdl2
INFO:kivy:GL: NPOT texture support is available
INFO:kivy:Base: Start application main loop
INFO:kivy:got here and printed
INFO:kivy:Loader: using a thread pool of 2 workers
INFO:kivy:The manager's "done with lessons" tag returned False
INFO:kivy:10
INFO:kivy:The manager's "done with lessons" tag returned False
INFO:kivy:10
INFO:kivy:The manager's "done with lessons" tag returned False
INFO:kivy:10
WARNING:kivy:<kivy.uix.gridlayout.GridLayout object at 0x0DADB5A8> have no cols or rows set, layout is not triggered.
INFO:kivy:The manager's "done with lessons" tag returned False
INFO:kivy:10
WARNING:kivy:<kivy.uix.gridlayout.GridLayout object at 0x0FE65D50> have no cols or rows set, layout is not triggered.
INFO:kivy:The manager's "done with lessons" tag returned False
INFO:kivy:10
WARNING:kivy:<kivy.uix.gridlayout.GridLayout object at 0x0E826500> have no cols or rows set, layout is not triggered.
INFO:kivy:The manager's "done with lessons" tag returned False
INFO:kivy:10
WARNING:kivy:<kivy.uix.gridlayout.GridLayout object at 0x1074D1F0> have no cols or rows set, layout is not triggered.
WARNING:kivy:<kivy.uix.gridlayout.GridLayout object at 0x10754C38> have no cols or rows set, layout is not triggered.
WARNING:kivy:<GUI.ResultsScreenGUI.Chart object at 0x10A737D8> have no cols or rows set, layout is not triggered.
INFO:kivy:The manager's "done with lessons" tag returned False
INFO:kivy:10
WARNING:kivy:<kivy.uix.gridlayout.GridLayout object at 0x0128BCA8> have no cols or rows set, layout is not triggered.
WARNING:kivy:<kivy.uix.gridlayout.GridLayout object at 0x012BC180> have no cols or rows set, layout is not triggered.
INFO:kivy:The manager's "done with lessons" tag returned False
INFO:kivy:10
WARNING:kivy:<kivy.uix.gridlayout.GridLayout object at 0x04161A40> have no cols or rows set, layout is not triggered.
WARNING:kivy:<kivy.uix.gridlayout.GridLayout object at 0x041644C8> have no cols or rows set, layout is not triggered.
INFO:kivy:The manager's "done with lessons" tag returned False
INFO:kivy:10
WARNING:kivy:<kivy.uix.gridlayout.GridLayout object at 0x0155A308> have no cols or rows set, layout is not triggered.
WARNING:kivy:<kivy.uix.gridlayout.GridLayout object at 0x0157F0A0> have no cols or rows set, layout is not triggered.
WARNING:kivy:<GUI.ResultsScreenGUI.Chart object at 0x0158F8F0> have no cols or rows set, layout is not triggered.
WARNING:kivy:<kivy.uix.gridlayout.GridLayout object at 0x0157A308> have no cols or rows set, layout is not triggered.
WARNING:kivy:<kivy.uix.gridlayout.GridLayout object at 0x0157ACA8> have no cols or rows set, layout is not triggered.
INFO:kivy:determine redo is true in Results window
INFO:kivy:The manager's "done with lessons" tag returned True
INFO:kivy:Key.enter
INFO:kivy:Key.enter
INFO:kivy:10
WARNING:kivy:<kivy.uix.gridlayout.GridLayout object at 0x00E22570> have no cols or rows set, layout is not triggered.
WARNING:kivy:<kivy.uix.gridlayout.GridLayout object at 0x00E26730> have no cols or rows set, layout is not triggered.
WARNING:kivy:<GUI.ResultsScreenGUI.Chart object at 0x0DA872D0> have no cols or rows set, layout is not triggered.
WARNING:kivy:<kivy.uix.gridlayout.GridLayout object at 0x10416260> have no cols or rows set, layout is not triggered.
WARNING:kivy:<kivy.uix.gridlayout.GridLayout object at 0x10416C00> have no cols or rows set, layout is not triggered.
INFO:kivy:determine redo is true in Results window
INFO:kivy:The manager's "done with lessons" tag returned True
INFO:kivy:10
WARNING:kivy:<kivy.uix.gridlayout.GridLayout object at 0x10C5C0D8> have no cols or rows set, layout is not triggered.
WARNING:kivy:<kivy.uix.gridlayout.GridLayout object at 0x10C5FB20> have no cols or rows set, layout is not triggered.
WARNING:kivy:<GUI.ResultsScreenGUI.Chart object at 0x10C786C0> have no cols or rows set, layout is not triggered.
WARNING:kivy:<kivy.uix.gridlayout.GridLayout object at 0x10C7C0D8> have no cols or rows set, layout is not triggered.
WARNING:kivy:<kivy.uix.gridlayout.GridLayout object at 0x10C7CA78> have no cols or rows set, layout is not triggered.
WARNING:kivy:<kivy.uix.gridlayout.GridLayout object at 0x10C864C8> have no cols or rows set, layout is not triggered.
INFO:kivy:determine redo is true in Results window
INFO:kivy:The manager's "done with lessons" tag returned True
INFO:kivy:10
WARNING:kivy:<kivy.uix.gridlayout.GridLayout object at 0x0DAD4D18> have no cols or rows set, layout is not triggered.
WARNING:kivy:<kivy.uix.gridlayout.GridLayout object at 0x0DAE3CE0> have no cols or rows set, layout is not triggered.
WARNING:kivy:<GUI.ResultsScreenGUI.Chart object at 0x01584340> have no cols or rows set, layout is not triggered.
WARNING:kivy:<kivy.uix.gridlayout.GridLayout object at 0x01584D18> have no cols or rows set, layout is not triggered.
INFO:kivy:determine redo is true in Results window
INFO:kivy:The manager's "done with lessons" tag returned True
INFO:kivy:10
WARNING:kivy:<kivy.uix.gridlayout.GridLayout object at 0x01546BC8> have no cols or rows set, layout is not triggered.
WARNING:kivy:<kivy.uix.gridlayout.GridLayout object at 0x01529650> have no cols or rows set, layout is not triggered.
INFO:kivy:determine redo is true in Results window
INFO:kivy:The manager's "done with lessons" tag returned True
INFO:kivy:10
WARNING:kivy:<kivy.uix.gridlayout.GridLayout object at 0x00DB3B20> have no cols or rows set, layout is not triggered.
WARNING:kivy:<kivy.uix.gridlayout.GridLayout object at 0x00DDAF80> have no cols or rows set, layout is not triggered.
WARNING:kivy:<GUI.ResultsScreenGUI.Chart object at 0x10482148> have no cols or rows set, layout is not triggered.
WARNING:kivy:<kivy.uix.gridlayout.GridLayout object at 0x10482B20> have no cols or rows set, layout is not triggered.
INFO:kivy:determine redo is true in Results window
INFO:kivy:The manager's "done with lessons" tag returned True
INFO:kivy:10
WARNING:kivy:<kivy.uix.gridlayout.GridLayout object at 0x014C7298> have no cols or rows set, layout is not triggered.
WARNING:kivy:<kivy.uix.gridlayout.GridLayout object at 0x014A0CE0> have no cols or rows set, layout is not triggered.
WARNING:kivy:<GUI.ResultsScreenGUI.Chart object at 0x014EF880> have no cols or rows set, layout is not triggered.
INFO:kivy:determine redo is true in Results window
INFO:kivy:The manager's "done with lessons" tag returned True
INFO:kivy:10
WARNING:kivy:<kivy.uix.gridlayout.GridLayout object at 0x016B1570> have no cols or rows set, layout is not triggered.
WARNING:kivy:<kivy.uix.gridlayout.GridLayout object at 0x0169E3B0> have no cols or rows set, layout is not triggered.
WARNING:kivy:<GUI.ResultsScreenGUI.Chart object at 0x10300B58> have no cols or rows set, layout is not triggered.
WARNING:kivy:<kivy.uix.gridlayout.GridLayout object at 0x102E9570> have no cols or rows set, layout is not triggered.
WARNING:kivy:<kivy.uix.gridlayout.GridLayout object at 0x102E9F10> have no cols or rows set, layout is not triggered.
INFO:kivy:determine redo is true in Results window
INFO:kivy:The manager's "done with lessons" tag returned True
INFO:kivy:10
WARNING:kivy:<kivy.uix.gridlayout.GridLayout object at 0x106F37A0> have no cols or rows set, layout is not triggered.
WARNING:kivy:<kivy.uix.gridlayout.GridLayout object at 0x106FC228> have no cols or rows set, layout is not triggered.
WARNING:kivy:<GUI.ResultsScreenGUI.Chart object at 0x0DA9CD88> have no cols or rows set, layout is not triggered.
WARNING:kivy:<kivy.uix.gridlayout.GridLayout object at 0x0DA927A0> have no cols or rows set, layout is not triggered.
INFO:kivy:determine redo is true in Results window
INFO:kivy:The manager's "done with lessons" tag returned True
INFO:kivy:10
WARNING:kivy:<kivy.uix.gridlayout.GridLayout object at 0x0FEC0298> have no cols or rows set, layout is not triggered.
WARNING:kivy:<kivy.uix.gridlayout.GridLayout object at 0x01496CE0> have no cols or rows set, layout is not triggered.
WARNING:kivy:<GUI.ResultsScreenGUI.Chart object at 0x10336D88> have no cols or rows set, layout is not triggered.
INFO:kivy:The Exit Function got called
